<?xml version="1.0" encoding="UTF-8"?>
<!-- Generated by org.testng.reporters.JUnitReportReporter -->
<testsuite skipped="0" hostname="INLT2652" name="testRunners.TestRunner_TestCase01" tests="3" failures="0" timestamp="2021-05-15T23:02:19 IST" time="71.119" errors="0">
  <testcase name="languageList_Validation" time="19.136" classname="testRunners.TestRunner_TestCase01"/>
  <system-out/>
  <testcase name="login_Validation" time="26.505" classname="testRunners.TestRunner_TestCase01"/>
  <system-out/>
  <testcase name="noOfPumps_Validation" time="25.478" classname="testRunners.TestRunner_TestCase01"/>
  <system-out/>
</testsuite> <!-- testRunners.TestRunner_TestCase01 -->
