<?xml version="1.0" encoding="UTF-8"?>
<!-- Generated by org.testng.reporters.JUnitReportReporter -->
<testsuite skipped="2" hostname="INLT2652" name="test.TestCase01" tests="3" failures="0" timestamp="2021-05-15T18:26:59 IST" time="47.960" errors="0">
  <testcase name="noOfPumps_Validation" time="47.960" classname="test.TestCase01"/>
  <system-out/>
  <testcase name="login_Validation" classname="test.TestCase01">
    <skipped/>
  </testcase> <!-- login_Validation -->
  <system-out/>
  <testcase name="languageList_Validation" classname="test.TestCase01">
    <skipped/>
  </testcase> <!-- languageList_Validation -->
  <system-out/>
</testsuite> <!-- test.TestCase01 -->
