<?xml version="1.0" encoding="UTF-8"?>
<!-- Generated by org.testng.reporters.JUnitReportReporter -->
<testsuite skipped="2" hostname="INLT2652" name="testRunners.TestCase01" tests="3" failures="0" timestamp="2021-05-15T18:41:16 IST" time="57.341" errors="0">
  <testcase name="noOfPumps_Validation" time="57.341" classname="testRunners.TestCase01"/>
  <system-out/>
  <testcase name="languageList_Validation" classname="testRunners.TestCase01">
    <skipped/>
  </testcase> <!-- languageList_Validation -->
  <system-out/>
  <testcase name="login_Validation" classname="testRunners.TestCase01">
    <skipped/>
  </testcase> <!-- login_Validation -->
  <system-out/>
</testsuite> <!-- testRunners.TestCase01 -->
